# JRE version: Java(TM) SE Runtime Environment (8.0_102-b14) (build 1.8.0_102-b14)
# Java VM: Java HotSpot(TM) 64-Bit Server VM (25.102-b14 mixed mode windows-amd64 compressed oops)
Heap:
 PSYoungGen      total 135680K, used 42137K [0x00000000d6100000, 0x00000000df780000, 0x0000000100000000)
  eden space 126464K, 26% used [0x00000000d6100000,0x00000000d8129448,0x00000000ddc80000)
  from space 9216K, 99% used [0x00000000ddf80000,0x00000000de87d010,0x00000000de880000)
  to   space 13824K, 0% used [0x00000000dea00000,0x00000000dea00000,0x00000000df780000)
 ParOldGen       total 64512K, used 15763K [0x0000000082200000, 0x0000000086100000, 0x00000000d6100000)
  object space 64512K, 24% used [0x0000000082200000,0x0000000083164ee8,0x0000000086100000)
 Metaspace       used 33134K, capacity 34022K, committed 34176K, reserved 1079296K
  class space    used 4567K, capacity 4960K, committed 4992K, reserved 1048576K
GC Heap History (10 events):
Event: 3.600 GC heap before
{Heap before GC invocations=4 (full 0):
 PSYoungGen      total 37888K, used 37856K [0x00000000d6100000, 0x00000000dab00000, 0x0000000100000000)
  eden space 32768K, 100% used [0x00000000d6100000,0x00000000d8100000,0x00000000d8100000)
  from space 5120K, 99% used [0x00000000d8100000,0x00000000d85f8020,0x00000000d8600000)
  to   space 5120K, 0% used [0x00000000da600000,0x00000000da600000,0x00000000dab00000)
 ParOldGen       total 86016K, used 4721K [0x0000000082200000, 0x0000000087600000, 0x00000000d6100000)
  object space 86016K, 5% used [0x0000000082200000,0x000000008269c660,0x0000000087600000)
 Metaspace       used 19942K, capacity 20252K, committed 20608K, reserved 1067008K
  class space    used 2714K, capacity 2862K, committed 2944K, reserved 1048576K
Event: 3.621 GC heap after
Heap after GC invocations=4 (full 0):
 PSYoungGen      total 70656K, used 5088K [0x00000000d6100000, 0x00000000dab00000, 0x0000000100000000)
  eden space 65536K, 0% used [0x00000000d6100000,0x00000000d6100000,0x00000000da100000)
  from space 5120K, 99% used [0x00000000da600000,0x00000000daaf8040,0x00000000dab00000)
  to   space 5120K, 0% used [0x00000000da100000,0x00000000da100000,0x00000000da600000)
 ParOldGen       total 86016K, used 8391K [0x0000000082200000, 0x0000000087600000, 0x00000000d6100000)
  object space 86016K, 9% used [0x0000000082200000,0x0000000082a31f40,0x0000000087600000)
 Metaspace       used 19942K, capacity 20252K, committed 20608K, reserved 1067008K
  class space    used 2714K, capacity 2862K, committed 2944K, reserved 1048576K
}
Event: 4.061 GC heap before
{Heap before GC invocations=5 (full 0):
 PSYoungGen      total 70656K, used 20841K [0x00000000d6100000, 0x00000000dab00000, 0x0000000100000000)
  eden space 65536K, 24% used [0x00000000d6100000,0x00000000d70624e8,0x00000000da100000)
  from space 5120K, 99% used [0x00000000da600000,0x00000000daaf8040,0x00000000dab00000)
  to   space 5120K, 0% used [0x00000000da100000,0x00000000da100000,0x00000000da600000)
 ParOldGen       total 86016K, used 8391K [0x0000000082200000, 0x0000000087600000, 0x00000000d6100000)
  object space 86016K, 9% used [0x0000000082200000,0x0000000082a31f40,0x0000000087600000)
 Metaspace       used 20777K, capacity 21100K, committed 21248K, reserved 1067008K
  class space    used 2864K, capacity 2993K, committed 3072K, reserved 1048576K
Event: 4.085 GC heap after
Heap after GC invocations=5 (full 0):
 PSYoungGen      total 70656K, used 5104K [0x00000000d6100000, 0x00000000df400000, 0x0000000100000000)
  eden space 65536K, 0% used [0x00000000d6100000,0x00000000d6100000,0x00000000da100000)
  from space 5120K, 99% used [0x00000000da100000,0x00000000da5fc050,0x00000000da600000)
  to   space 9728K, 0% used [0x00000000dea80000,0x00000000dea80000,0x00000000df400000)
 ParOldGen       total 86016K, used 10242K [0x0000000082200000, 0x0000000087600000, 0x00000000d6100000)
  object space 86016K, 11% used [0x0000000082200000,0x0000000082c00be8,0x0000000087600000)
 Metaspace       used 20777K, capacity 21100K, committed 21248K, reserved 1067008K
  class space    used 2864K, capacity 2993K, committed 3072K, reserved 1048576K
}
Event: 4.085 GC heap before
{Heap before GC invocations=6 (full 1):
 PSYoungGen      total 70656K, used 5104K [0x00000000d6100000, 0x00000000df400000, 0x0000000100000000)
  eden space 65536K, 0% used [0x00000000d6100000,0x00000000d6100000,0x00000000da100000)
  from space 5120K, 99% used [0x00000000da100000,0x00000000da5fc050,0x00000000da600000)
  to   space 9728K, 0% used [0x00000000dea80000,0x00000000dea80000,0x00000000df400000)
 ParOldGen       total 86016K, used 10242K [0x0000000082200000, 0x0000000087600000, 0x00000000d6100000)
  object space 86016K, 11% used [0x0000000082200000,0x0000000082c00be8,0x0000000087600000)
 Metaspace       used 20777K, capacity 21100K, committed 21248K, reserved 1067008K
  class space    used 2864K, capacity 2993K, committed 3072K, reserved 1048576K
Event: 4.217 GC heap after
Heap after GC invocations=6 (full 1):
 PSYoungGen      total 70656K, used 0K [0x00000000d6100000, 0x00000000df400000, 0x0000000100000000)
  eden space 65536K, 0% used [0x00000000d6100000,0x00000000d6100000,0x00000000da100000)
  from space 5120K, 0% used [0x00000000da100000,0x00000000da100000,0x00000000da600000)
  to   space 9728K, 0% used [0x00000000dea80000,0x00000000dea80000,0x00000000df400000)
 ParOldGen       total 64512K, used 8605K [0x0000000082200000, 0x0000000086100000, 0x00000000d6100000)
  object space 64512K, 13% used [0x0000000082200000,0x0000000082a67540,0x0000000086100000)
 Metaspace       used 20777K, capacity 21100K, committed 21248K, reserved 1067008K
  class space    used 2864K, capacity 2993K, committed 3072K, reserved 1048576K
}
Event: 6.023 GC heap before
{Heap before GC invocations=7 (full 1):
 PSYoungGen      total 70656K, used 65536K [0x00000000d6100000, 0x00000000df400000, 0x0000000100000000)
  eden space 65536K, 100% used [0x00000000d6100000,0x00000000da100000,0x00000000da100000)
  from space 5120K, 0% used [0x00000000da100000,0x00000000da100000,0x00000000da600000)
  to   space 9728K, 0% used [0x00000000dea80000,0x00000000dea80000,0x00000000df400000)
 ParOldGen       total 64512K, used 8605K [0x0000000082200000, 0x0000000086100000, 0x00000000d6100000)
  object space 64512K, 13% used [0x0000000082200000,0x0000000082a67540,0x0000000086100000)
 Metaspace       used 26229K, capacity 27010K, committed 27136K, reserved 1073152K
  class space    used 3529K, capacity 3803K, committed 3840K, reserved 1048576K
Event: 6.036 GC heap after
Heap after GC invocations=7 (full 1):
 PSYoungGen      total 98816K, used 7087K [0x00000000d6100000, 0x00000000df180000, 0x0000000100000000)
  eden space 91648K, 0% used [0x00000000d6100000,0x00000000d6100000,0x00000000dba80000)
  from space 7168K, 98% used [0x00000000dea80000,0x00000000df16be80,0x00000000df180000)
  to   space 9216K, 0% used [0x00000000ddf80000,0x00000000ddf80000,0x00000000de880000)
 ParOldGen       total 64512K, used 8677K [0x0000000082200000, 0x0000000086100000, 0x00000000d6100000)
  object space 64512K, 13% used [0x0000000082200000,0x0000000082a79550,0x0000000086100000)
 Metaspace       used 26229K, capacity 27010K, committed 27136K, reserved 1073152K
  class space    used 3529K, capacity 3803K, committed 3840K, reserved 1048576K
}
Event: 8.179 GC heap before
{Heap before GC invocations=8 (full 1):
 PSYoungGen      total 98816K, used 98735K [0x00000000d6100000, 0x00000000df180000, 0x0000000100000000)
  eden space 91648K, 100% used [0x00000000d6100000,0x00000000dba80000,0x00000000dba80000)
  from space 7168K, 98% used [0x00000000dea80000,0x00000000df16be80,0x00000000df180000)
  to   space 9216K, 0% used [0x00000000ddf80000,0x00000000ddf80000,0x00000000de880000)
 ParOldGen       total 64512K, used 8677K [0x0000000082200000, 0x0000000086100000, 0x00000000d6100000)
  object space 64512K, 13% used [0x0000000082200000,0x0000000082a79550,0x0000000086100000)
 Metaspace       used 31142K, capacity 32050K, committed 32128K, reserved 1077248K
  class space    used 4306K, capacity 4687K, committed 4736K, reserved 1048576K
Event: 8.211 GC heap after
Heap after GC invocations=8 (full 1):
 PSYoungGen      total 135680K, used 9204K [0x00000000d6100000, 0x00000000df780000, 0x0000000100000000)
  eden space 126464K, 0% used [0x00000000d6100000,0x00000000d6100000,0x00000000ddc80000)
  from space 9216K, 99% used [0x00000000ddf80000,0x00000000de87d010,0x00000000de880000)
  to   space 13824K, 0% used [0x00000000dea00000,0x00000000dea00000,0x00000000df780000)
 ParOldGen       total 64512K, used 15763K [0x0000000082200000, 0x0000000086100000, 0x00000000d6100000)
  object space 64512K, 24% used [0x0000000082200000,0x0000000083164ee8,0x0000000086100000)
 Metaspace       used 31142K, capacity 32050K, committed 32128K, reserved 1077248K
  class space    used 4306K, capacity 4687K, committed 4736K, reserved 1048576K
}

